================================================================
POC-17(a): 한자어(Sino-Korean) 층 분리 — gold 대조 [VALIDATION]
================================================================
원시 라벨 엔트리: 19373
homograph(sino&native 양쪽) 단어 제거: 203
unique 단어: 15706  ({'sino': 12986, 'native': 2720})  접촉층(sino) 비율 0.827
----------------------------------------------------------------
[1] 지도 NB (형태 신호 상한)
  정확도 0.921 (다수 0.827)  sino F1 0.951 (P 0.967 R 0.936)  TP3643 FP125 FN248 TN696
----------------------------------------------------------------
[2] 비지도 2-모드 EM + MDL (라벨 미사용 → '비지도≈gold' 검증)
  cluster→label {0: 'sino', 1: 'sino'}
  비지도 정확도 0.827 (다수 0.827)  sino F1 0.905 (P 0.827 R 1.000)
  LL 1-모드 -896013 → 2-모드 -880403 (Δ+15610)
  BIC 1-모드 1798577 vs 2-모드 1773917 → 2-모드 채택 ✓
----------------------------------------------------------------
[3] 균형 subsample 비지도 EM (불균형이 붕괴 원인인지 격리)
  cluster→label {0: 'native', 1: 'sino'}  N=5440
  비지도 정확도 0.779 (다수 0.500)  sino F1 0.783 (P 0.767 R 0.800)
  BIC 1-모드 604016 vs 2-모드 598672 → 2-모드 채택 ✓
----------------------------------------------------------------
판정: 지도(신호 존재)=✓  비지도-naive=✗(불균형서 다수로 붕괴)  비지도-균형=✓
→ 한자어층은 형태로 분리가능(지도 F1 0.95). 비지도 복원도 *대비는 충분*하나 (균형 EM 0.78≈Maltese) 자연 불균형(83/17)서 naive EM은 붕괴 = 불균형 보정/카탈로그(M1) 필요.
주의: 이건 validation(정답 있음). discovery는 검증된 도구를 명명된 주장에 거는 다음 수.
