================================================================
POC-15b: 용량 청구(NML 취지)가 raw-혼합 붕괴를 푸는가
================================================================
단어 7394 (borrowed 4302), 카탈로그 4081
실단어 채널 점수…
null(무작위 단어) 용량 floor 추정…
null floor per-char: 차용 -2.777  계승 -6.462  (실단어 평균: 차용 -1.902 계승 -6.354)
----------------------------------------------------------------
[부호 결정 = raw 생성 비교 그대로]
  raw     borrowed비율 1.000  F1 0.736   ← POC-15 붕괴 재현
  charged borrowed비율 0.888  F1 0.747  (P 0.618 R 0.944)
[비지도 2-GMM]
  raw     borrowed비율 0.116  F1 0.231
  charged borrowed비율 0.116  F1 0.231
[★ 분리도 AUC — 방법 무관]
  d_raw 0.652   d_charged 0.652   nsim단독 0.868
  d_charged − d_raw = 전 단어 동일 상수(-3.685, distinct=1) → 용량청구는 *순수 임계이동*, 순위·AUC 불변.
  (참조: POC-15 융합 F1 0.864 — strata별 LM 로그비라는 *판별* feature 덕)
----------------------------------------------------------------
판정: ★ 용량 청구(상수 floor 정규화)는 **분리도를 못 올린다** — d_raw와 AUC 동일,
      차이는 임계값 이동뿐(붕괴비율 100%→89%지만 F1·AUC 그대로). UBM 소거와 동일 구조.
  → 탐지는 *순위를 바꾸는 판별 feature*(채널별 보정/strata LM 로그비) 필수.
    생성적 대칭화(토착층 동등 카탈로그)는 미검증 대안. SPEC §6.5 기본=판별 융합 확정.
