================================================================
POC-17(b): Koreanic↔Japonic 고유어 대응 + 음성 대조군 [DISCOVERY]
================================================================
Sino 카탈로그 465 | nperm 2000 | 지평 D=18
================================================================
[Japonic] ★주장(Robbeets Koreanic↔Japonic) | 공유개념 415
  naive  N=414  MI=0.4296 p=0.3748  무유의
  typed  N=287  MI=0.5185 p=0.0505  무유의
    예시: [('again', 'mata', '또'), ('all', 'mərə', '모든'), ('anchor', 'ikari', '닻'), ('and', 'tə', '및'), ('arm', 'untai', '무장시키다'), ('aunt', 'wonpa', '아줌마'), ('axe', 'wənə', '도끼'), ('back', 'osirə', '뒤')]
================================================================
[Turkic] Transeurasian 공동주장(참고) | 공유개념 786
  naive  N=761  MI=0.3944 p=0.4318  무유의
  typed  N=522  MI=0.4567 p=0.7496  무유의
================================================================
[Uralic] 음성대조(Koreanic-Uralic 주장 없음) | 공유개념 425
  naive  N=423  MI=0.4410 p=0.0230  유의
  typed  N=309  MI=0.4960 p=0.0530  무유의
================================================================
[IndoEuro] 음성대조(명백 무관) | 공유개념 896
  naive  N=896  MI=0.2932 p=0.4928  무유의
  typed  N=594  MI=0.3174 p=0.4238  무유의
================================================================
판독: Japonic typed만 유의하고 IndoEuro/Uralic typed는 무유의면 → 진짜 신호.
      대조군도 유의하면 → 파이프라인 아티팩트(coarse 음소/gloss 다의성). 둘 다 *수치*로 정직 보고.
