OSV 529 / SV 1428

MC류별 규칙(최빈)성조 + 첨예도:
  ping   voiced=False → ngang  (0.74)  n=606
  qu     voiced=False → sac    (0.46)  n=353
  shang  voiced=False → hoi    (0.42)  n=342
  ru     voiced=False → sac    (0.67)  n=236
  ping   voiced=True  → huyen  (0.87)  n=189
  qu     voiced=True  → nang   (0.56)  n=90
  shang  voiced=True  → nang   (0.68)  n=73
  ru     voiced=True  → nang   (0.94)  n=68

[전체] 성조-이탈 규칙: F1=0.516 P=0.448 R=0.609  (22a naive EM 0.51, 22a' 0.45 대비)

[판정보류] τ=MC류 첨예도 하한 (그 미만은 기권):
  τ=0.5: F1=0.416 P=0.405 R=0.426  커버리지=0.64 (1262/1957)
  τ=0.6: F1=0.364 P=0.358 R=0.371  커버리지=0.60 (1172/1957)
  τ=0.7: F1=0.404 P=0.430 R=0.381  커버리지=0.44 (863/1957)
  τ=0.8: F1=0.317 P=0.571 R=0.219  커버리지=0.13 (257/1957)

============================================================
판정: 성조-이탈 규칙이 22a/22a' 비지도(0.45~0.51) 넘으면 = 성조-우선이 옳음.
  abstention으로 확신셋 정밀도↑하면 = '성조진단 가능 부분층은 비지도 분리, 나머지 기권'
  = 정직한 부분-성공(§4.1② calibrated abstention). OSV층 이질성의 정량 초상.
